# JRE version: OpenJDK Runtime Environment (17.0.6) (build 17.0.6-internal+0-adhoc.perpap.jdk17u067)
# Java VM: OpenJDK 64-Bit Server VM (17.0.6-internal+0-adhoc.perpap.jdk17u067, mixed mode, tiered, parallel gc, linux-aarch64)
GC Precious Log:
 CPUs: 160 total, 160 available
 Memory: 254G
 Large Page Support: Disabled
 NUMA Support: Disabled
 Compressed Oops: Disabled
 Alignments: Space 512K, Generation 512K, Heap 32M
 Heap Min Capacity: 1G
 Heap Initial Capacity: 1G
 Heap Max Capacity: 1G
 Pre-touch: Disabled
 Parallel Workers: 2
Heap:
 PSYoungGen      total 305664K, used 5116K [0x0000ff375eb00000, 0x0000ff3774000000, 0x0000ff3774000000)
  eden space 262144K, 1% used [0x0000ff375eb00000,0x0000ff375efff108,0x0000ff376eb00000)
  from space 43520K, 0% used [0x0000ff376eb00000,0x0000ff376eb00000,0x0000ff3771580000)
  to   space 43520K, 0% used [0x0000ff3771580000,0x0000ff3771580000,0x0000ff3774000000)
 ParOldGen       total 699392K, used 1433K [0x0000ff3734000000, 0x0000ff375eb00000, 0x0000ff375eb00000)
  object space 699392K, 0% used [0x0000ff3734000000,0x0000ff3734166610,0x0000ff375eb00000)
 Metaspace       used 7040K, committed 7104K, reserved 8192K
GC Heap History (20 events):
Event: 2.652 GC heap before
{Heap before GC invocations=5 (full 1):
 PSYoungGen      total 305664K, used 5067K [0x0000ff375eb00000, 0x0000ff3774000000, 0x0000ff3774000000)
  eden space 262144K, 1% used [0x0000ff375eb00000,0x0000ff375eff2e90,0x0000ff376eb00000)
  from space 43520K, 0% used [0x0000ff376eb00000,0x0000ff376eb00000,0x0000ff3771580000)
  to   space 43520K, 0% used [0x0000ff3771580000,0x0000ff3771580000,0x0000ff3774000000)
 ParOldGen       total 699392K, used 1448K [0x0000ff3734000000, 0x0000ff375eb00000, 0x0000ff375eb00000)
  object space 699392K, 0% used [0x0000ff3734000000,0x0000ff373416a1c8,0x0000ff375eb00000)
 Metaspace       used 7030K, committed 7104K, reserved 8192K
}
Event: 2.876 GC heap after
{Heap after GC invocations=5 (full 1):
 PSYoungGen      total 305664K, used 96K [0x0000ff375eb00000, 0x0000ff3774000000, 0x0000ff3774000000)
  eden space 262144K, 0% used [0x0000ff375eb00000,0x0000ff375eb00000,0x0000ff376eb00000)
  from space 43520K, 0% used [0x0000ff3771580000,0x0000ff3771598000,0x0000ff3774000000)
  to   space 43520K, 0% used [0x0000ff376eb00000,0x0000ff376eb00000,0x0000ff3771580000)
 ParOldGen       total 699392K, used 1448K [0x0000ff3734000000, 0x0000ff375eb00000, 0x0000ff375eb00000)
  object space 699392K, 0% used [0x0000ff3734000000,0x0000ff373416a1c8,0x0000ff375eb00000)
 Metaspace       used 7030K, committed 7104K, reserved 8192K
}
Event: 2.876 GC heap before
{Heap before GC invocations=6 (full 2):
 PSYoungGen      total 305664K, used 96K [0x0000ff375eb00000, 0x0000ff3774000000, 0x0000ff3774000000)
  eden space 262144K, 0% used [0x0000ff375eb00000,0x0000ff375eb00000,0x0000ff376eb00000)
  from space 43520K, 0% used [0x0000ff3771580000,0x0000ff3771598000,0x0000ff3774000000)
  to   space 43520K, 0% used [0x0000ff376eb00000,0x0000ff376eb00000,0x0000ff3771580000)
 ParOldGen       total 699392K, used 1448K [0x0000ff3734000000, 0x0000ff375eb00000, 0x0000ff375eb00000)
  object space 699392K, 0% used [0x0000ff3734000000,0x0000ff373416a1c8,0x0000ff375eb00000)
 Metaspace       used 7030K, committed 7104K, reserved 8192K
}
Event: 3.144 GC heap after
{Heap after GC invocations=6 (full 2):
 PSYoungGen      total 305664K, used 0K [0x0000ff375eb00000, 0x0000ff3774000000, 0x0000ff3774000000)
  eden space 262144K, 0% used [0x0000ff375eb00000,0x0000ff375eb00000,0x0000ff376eb00000)
  from space 43520K, 0% used [0x0000ff3771580000,0x0000ff3771580000,0x0000ff3774000000)
  to   space 43520K, 0% used [0x0000ff376eb00000,0x0000ff376eb00000,0x0000ff3771580000)
 ParOldGen       total 699392K, used 1380K [0x0000ff3734000000, 0x0000ff375eb00000, 0x0000ff375eb00000)
  object space 699392K, 0% used [0x0000ff3734000000,0x0000ff3734159070,0x0000ff375eb00000)
 Metaspace       used 7030K, committed 7104K, reserved 8192K
}
Event: 3.176 GC heap before
{Heap before GC invocations=7 (full 2):
 PSYoungGen      total 305664K, used 5067K [0x0000ff375eb00000, 0x0000ff3774000000, 0x0000ff3774000000)
  eden space 262144K, 1% used [0x0000ff375eb00000,0x0000ff375eff2e90,0x0000ff376eb00000)
  from space 43520K, 0% used [0x0000ff3771580000,0x0000ff3771580000,0x0000ff3774000000)
  to   space 43520K, 0% used [0x0000ff376eb00000,0x0000ff376eb00000,0x0000ff3771580000)
 ParOldGen       total 699392K, used 1380K [0x0000ff3734000000, 0x0000ff375eb00000, 0x0000ff375eb00000)
  object space 699392K, 0% used [0x0000ff3734000000,0x0000ff3734159070,0x0000ff375eb00000)
 Metaspace       used 7038K, committed 7104K, reserved 8192K
}
Event: 3.176 GC heap after
{Heap after GC invocations=7 (full 2):
 PSYoungGen      total 305664K, used 0K [0x0000ff375eb00000, 0x0000ff3774000000, 0x0000ff3774000000)
  eden space 262144K, 0% used [0x0000ff375eb00000,0x0000ff375eb00000,0x0000ff376eb00000)
  from space 43520K, 0% used [0x0000ff376eb00000,0x0000ff376eb00000,0x0000ff3771580000)
  to   space 43520K, 0% used [0x0000ff3771580000,0x0000ff3771580000,0x0000ff3774000000)
 ParOldGen       total 699392K, used 1380K [0x0000ff3734000000, 0x0000ff375eb00000, 0x0000ff375eb00000)
  object space 699392K, 0% used [0x0000ff3734000000,0x0000ff3734159070,0x0000ff375eb00000)
 Metaspace       used 7038K, committed 7104K, reserved 8192K
}
Event: 3.176 GC heap before
{Heap before GC invocations=8 (full 3):
 PSYoungGen      total 305664K, used 0K [0x0000ff375eb00000, 0x0000ff3774000000, 0x0000ff3774000000)
  eden space 262144K, 0% used [0x0000ff375eb00000,0x0000ff375eb00000,0x0000ff376eb00000)
  from space 43520K, 0% used [0x0000ff376eb00000,0x0000ff376eb00000,0x0000ff3771580000)
  to   space 43520K, 0% used [0x0000ff3771580000,0x0000ff3771580000,0x0000ff3774000000)
 ParOldGen       total 699392K, used 1380K [0x0000ff3734000000, 0x0000ff375eb00000, 0x0000ff375eb00000)
  object space 699392K, 0% used [0x0000ff3734000000,0x0000ff3734159070,0x0000ff375eb00000)
 Metaspace       used 7038K, committed 7104K, reserved 8192K
}
Event: 3.449 GC heap after
{Heap after GC invocations=8 (full 3):
 PSYoungGen      total 305664K, used 0K [0x0000ff375eb00000, 0x0000ff3774000000, 0x0000ff3774000000)
  eden space 262144K, 0% used [0x0000ff375eb00000,0x0000ff375eb00000,0x0000ff376eb00000)
  from space 43520K, 0% used [0x0000ff376eb00000,0x0000ff376eb00000,0x0000ff3771580000)
  to   space 43520K, 0% used [0x0000ff3771580000,0x0000ff3771580000,0x0000ff3774000000)
 ParOldGen       total 699392K, used 1369K [0x0000ff3734000000, 0x0000ff375eb00000, 0x0000ff375eb00000)
  object space 699392K, 0% used [0x0000ff3734000000,0x0000ff3734156668,0x0000ff375eb00000)
 Metaspace       used 7038K, committed 7104K, reserved 8192K
}
Event: 3.473 GC heap before
{Heap before GC invocations=9 (full 3):
 PSYoungGen      total 305664K, used 5067K [0x0000ff375eb00000, 0x0000ff3774000000, 0x0000ff3774000000)
  eden space 262144K, 1% used [0x0000ff375eb00000,0x0000ff375eff2e90,0x0000ff376eb00000)
  from space 43520K, 0% used [0x0000ff376eb00000,0x0000ff376eb00000,0x0000ff3771580000)
  to   space 43520K, 0% used [0x0000ff3771580000,0x0000ff3771580000,0x0000ff3774000000)
 ParOldGen       total 699392K, used 1369K [0x0000ff3734000000, 0x0000ff375eb00000, 0x0000ff375eb00000)
  object space 699392K, 0% used [0x0000ff3734000000,0x0000ff3734156668,0x0000ff375eb00000)
 Metaspace       used 7038K, committed 7104K, reserved 8192K
}
Event: 3.473 GC heap after
{Heap after GC invocations=9 (full 3):
 PSYoungGen      total 305664K, used 0K [0x0000ff375eb00000, 0x0000ff3774000000, 0x0000ff3774000000)
  eden space 262144K, 0% used [0x0000ff375eb00000,0x0000ff375eb00000,0x0000ff376eb00000)
  from space 43520K, 0% used [0x0000ff3771580000,0x0000ff3771580000,0x0000ff3774000000)
  to   space 43520K, 0% used [0x0000ff376eb00000,0x0000ff376eb00000,0x0000ff3771580000)
 ParOldGen       total 699392K, used 1369K [0x0000ff3734000000, 0x0000ff375eb00000, 0x0000ff375eb00000)
  object space 699392K, 0% used [0x0000ff3734000000,0x0000ff3734156668,0x0000ff375eb00000)
 Metaspace       used 7038K, committed 7104K, reserved 8192K
}
Event: 3.473 GC heap before
{Heap before GC invocations=10 (full 4):
 PSYoungGen      total 305664K, used 0K [0x0000ff375eb00000, 0x0000ff3774000000, 0x0000ff3774000000)
  eden space 262144K, 0% used [0x0000ff375eb00000,0x0000ff375eb00000,0x0000ff376eb00000)
  from space 43520K, 0% used [0x0000ff3771580000,0x0000ff3771580000,0x0000ff3774000000)
  to   space 43520K, 0% used [0x0000ff376eb00000,0x0000ff376eb00000,0x0000ff3771580000)
 ParOldGen       total 699392K, used 1369K [0x0000ff3734000000, 0x0000ff375eb00000, 0x0000ff375eb00000)
  object space 699392K, 0% used [0x0000ff3734000000,0x0000ff3734156668,0x0000ff375eb00000)
 Metaspace       used 7038K, committed 7104K, reserved 8192K
}
Event: 3.477 GC heap after
{Heap after GC invocations=10 (full 4):
 PSYoungGen      total 305664K, used 0K [0x0000ff375eb00000, 0x0000ff3774000000, 0x0000ff3774000000)
  eden space 262144K, 0% used [0x0000ff375eb00000,0x0000ff375eb00000,0x0000ff376eb00000)
  from space 43520K, 0% used [0x0000ff3771580000,0x0000ff3771580000,0x0000ff3774000000)
  to   space 43520K, 0% used [0x0000ff376eb00000,0x0000ff376eb00000,0x0000ff3771580000)
 ParOldGen       total 699392K, used 1369K [0x0000ff3734000000, 0x0000ff375eb00000, 0x0000ff375eb00000)
  object space 699392K, 0% used [0x0000ff3734000000,0x0000ff37341565e8,0x0000ff375eb00000)
 Metaspace       used 7038K, committed 7104K, reserved 8192K
}
Event: 3.526 GC heap before
{Heap before GC invocations=11 (full 4):
 PSYoungGen      total 305664K, used 226407K [0x0000ff375eb00000, 0x0000ff3774000000, 0x0000ff3774000000)
  eden space 262144K, 86% used [0x0000ff375eb00000,0x0000ff376c819d20,0x0000ff376eb00000)
  from space 43520K, 0% used [0x0000ff3771580000,0x0000ff3771580000,0x0000ff3774000000)
  to   space 43520K, 0% used [0x0000ff376eb00000,0x0000ff376eb00000,0x0000ff3771580000)
 ParOldGen       total 699392K, used 1369K [0x0000ff3734000000, 0x0000ff375eb00000, 0x0000ff375eb00000)
  object space 699392K, 0% used [0x0000ff3734000000,0x0000ff37341565e8,0x0000ff375eb00000)
 Metaspace       used 7038K, committed 7104K, reserved 8192K
}
Event: 3.694 GC heap after
{Heap after GC invocations=11 (full 4):
 PSYoungGen      total 305664K, used 43504K [0x0000ff375eb00000, 0x0000ff3774000000, 0x0000ff3774000000)
  eden space 262144K, 0% used [0x0000ff375eb00000,0x0000ff375eb00000,0x0000ff376eb00000)
  from space 43520K, 99% used [0x0000ff376eb00000,0x0000ff377157c3f8,0x0000ff3771580000)
  to   space 43520K, 0% used [0x0000ff3771580000,0x0000ff3771580000,0x0000ff3774000000)
 ParOldGen       total 699392K, used 118585K [0x0000ff3734000000, 0x0000ff375eb00000, 0x0000ff375eb00000)
  object space 699392K, 16% used [0x0000ff3734000000,0x0000ff373b3ce5e8,0x0000ff375eb00000)
 Metaspace       used 7038K, committed 7104K, reserved 8192K
}
Event: 3.744 GC heap before
{Heap before GC invocations=12 (full 4):
 PSYoungGen      total 305664K, used 305648K [0x0000ff375eb00000, 0x0000ff3774000000, 0x0000ff3774000000)
  eden space 262144K, 100% used [0x0000ff375eb00000,0x0000ff376eb00000,0x0000ff376eb00000)
  from space 43520K, 99% used [0x0000ff376eb00000,0x0000ff377157c3f8,0x0000ff3771580000)
  to   space 43520K, 0% used [0x0000ff3771580000,0x0000ff3771580000,0x0000ff3774000000)
 ParOldGen       total 699392K, used 118585K [0x0000ff3734000000, 0x0000ff375eb00000, 0x0000ff375eb00000)
  object space 699392K, 16% used [0x0000ff3734000000,0x0000ff373b3ce5e8,0x0000ff375eb00000)
 Metaspace       used 7038K, committed 7104K, reserved 8192K
}
Event: 3.997 GC heap after
{Heap after GC invocations=12 (full 4):
 PSYoungGen      total 305664K, used 43520K [0x0000ff375eb00000, 0x0000ff3774000000, 0x0000ff3774000000)
  eden space 262144K, 0% used [0x0000ff375eb00000,0x0000ff375eb00000,0x0000ff376eb00000)
  from space 43520K, 100% used [0x0000ff3771580000,0x0000ff3774000000,0x0000ff3774000000)
  to   space 43520K, 0% used [0x0000ff376eb00000,0x0000ff376eb00000,0x0000ff3771580000)
 ParOldGen       total 699392K, used 301055K [0x0000ff3734000000, 0x0000ff375eb00000, 0x0000ff375eb00000)
  object space 699392K, 43% used [0x0000ff3734000000,0x0000ff37465ffea8,0x0000ff375eb00000)
 Metaspace       used 7038K, committed 7104K, reserved 8192K
}
Event: 4.019 GC heap before
{Heap before GC invocations=13 (full 4):
 PSYoungGen      total 305664K, used 197964K [0x0000ff375eb00000, 0x0000ff3774000000, 0x0000ff3774000000)
  eden space 262144K, 58% used [0x0000ff375eb00000,0x0000ff37681d3000,0x0000ff376eb00000)
  from space 43520K, 100% used [0x0000ff3771580000,0x0000ff3774000000,0x0000ff3774000000)
  to   space 43520K, 0% used [0x0000ff376eb00000,0x0000ff376eb00000,0x0000ff3771580000)
 ParOldGen       total 699392K, used 301055K [0x0000ff3734000000, 0x0000ff375eb00000, 0x0000ff375eb00000)
  object space 699392K, 43% used [0x0000ff3734000000,0x0000ff37465ffea8,0x0000ff375eb00000)
 Metaspace       used 7038K, committed 7104K, reserved 8192K
}
Event: 4.127 GC heap after
{Heap after GC invocations=13 (full 4):
 PSYoungGen      total 305664K, used 43520K [0x0000ff375eb00000, 0x0000ff3774000000, 0x0000ff3774000000)
  eden space 262144K, 0% used [0x0000ff375eb00000,0x0000ff375eb00000,0x0000ff376eb00000)
  from space 43520K, 100% used [0x0000ff376eb00000,0x0000ff3771580000,0x0000ff3771580000)
  to   space 43520K, 0% used [0x0000ff3771580000,0x0000ff3771580000,0x0000ff3774000000)
 ParOldGen       total 699392K, used 451748K [0x0000ff3734000000, 0x0000ff375eb00000, 0x0000ff375eb00000)
  object space 699392K, 64% used [0x0000ff3734000000,0x0000ff374f9293b8,0x0000ff375eb00000)
 Metaspace       used 7038K, committed 7104K, reserved 8192K
}
Event: 4.127 GC heap before
{Heap before GC invocations=14 (full 5):
 PSYoungGen      total 305664K, used 43520K [0x0000ff375eb00000, 0x0000ff3774000000, 0x0000ff3774000000)
  eden space 262144K, 0% used [0x0000ff375eb00000,0x0000ff375eb00000,0x0000ff376eb00000)
  from space 43520K, 100% used [0x0000ff376eb00000,0x0000ff3771580000,0x0000ff3771580000)
  to   space 43520K, 0% used [0x0000ff3771580000,0x0000ff3771580000,0x0000ff3774000000)
 ParOldGen       total 699392K, used 451748K [0x0000ff3734000000, 0x0000ff375eb00000, 0x0000ff375eb00000)
  object space 699392K, 64% used [0x0000ff3734000000,0x0000ff374f9293b8,0x0000ff375eb00000)
 Metaspace       used 7038K, committed 7104K, reserved 8192K
}
Event: 5.795 GC heap after
{Heap after GC invocations=14 (full 5):
 PSYoungGen      total 305664K, used 0K [0x0000ff375eb00000, 0x0000ff3774000000, 0x0000ff3774000000)
  eden space 262144K, 0% used [0x0000ff375eb00000,0x0000ff375eb00000,0x0000ff376eb00000)
  from space 43520K, 0% used [0x0000ff376eb00000,0x0000ff376eb00000,0x0000ff3771580000)
  to   space 43520K, 0% used [0x0000ff3771580000,0x0000ff3771580000,0x0000ff3774000000)
 ParOldGen       total 699392K, used 1433K [0x0000ff3734000000, 0x0000ff375eb00000, 0x0000ff375eb00000)
  object space 699392K, 0% used [0x0000ff3734000000,0x0000ff3734166610,0x0000ff375eb00000)
 Metaspace       used 7038K, committed 7104K, reserved 8192K
}

