# JRE version: OpenJDK Runtime Environment (17.0.6) (fastdebug build 17.0.6-internal+0-adhoc.perpap.jdk17u067)
# Java VM: OpenJDK 64-Bit Server VM (fastdebug 17.0.6-internal+0-adhoc.perpap.jdk17u067, mixed mode, tiered, parallel gc, linux-aarch64)
GC Precious Log:
 CPUs: 160 total, 160 available
 Memory: 254G
 Large Page Support: Disabled
 NUMA Support: Disabled
 Compressed Oops: Disabled
 Alignments: Space 512K, Generation 512K, Heap 32M
 Heap Min Capacity: 3G
 Heap Initial Capacity: 3G
 Heap Max Capacity: 3G
 Pre-touch: Disabled
 Parallel Workers: 2
Heap:
 PSYoungGen      total 917504K, used 30460K [0x0000ff3764000000, 0x0000ff37a4000000, 0x0000ff37a4000000)
  eden space 786432K, 3% used [0x0000ff3764000000,0x0000ff3765dbf070,0x0000ff3794000000)
  from space 131072K, 0% used [0x0000ff379c000000,0x0000ff379c000000,0x0000ff37a4000000)
  to   space 131072K, 0% used [0x0000ff3794000000,0x0000ff3794000000,0x0000ff379c000000)
 ParOldGen       total 2097152K, used 1452K [0x0000ff36e4000000, 0x0000ff3764000000, 0x0000ff3764000000)
  object space 2097152K, 0% used [0x0000ff36e4000000,0x0000ff36e416b370,0x0000ff3764000000)
 Metaspace       used 7398K, committed 7488K, reserved 8192K
GC Heap History (20 events):
Event: 4.896 GC heap before
{Heap before GC invocations=3 (full 0):
 PSYoungGen      total 917504K, used 917474K [0x0000ff3764000000, 0x0000ff37a4000000, 0x0000ff37a4000000)
  eden space 786432K, 100% used [0x0000ff3764000000,0x0000ff3794000000,0x0000ff3794000000)
  from space 131072K, 99% used [0x0000ff379c000000,0x0000ff37a3ff8bf8,0x0000ff37a4000000)
  to   space 131072K, 0% used [0x0000ff3794000000,0x0000ff3794000000,0x0000ff379c000000)
 ParOldGen       total 2097152K, used 1115336K [0x0000ff36e4000000, 0x0000ff3764000000, 0x0000ff3764000000)
  object space 2097152K, 53% used [0x0000ff36e4000000,0x0000ff3728132000,0x0000ff3764000000)
 Metaspace       used 7365K, committed 7488K, reserved 8192K
}
Event: 9.060 GC heap after
{Heap after GC invocations=3 (full 0):
 PSYoungGen      total 917504K, used 131054K [0x0000ff3764000000, 0x0000ff37a4000000, 0x0000ff37a4000000)
  eden space 786432K, 0% used [0x0000ff3764000000,0x0000ff3764000000,0x0000ff3794000000)
  from space 131072K, 99% used [0x0000ff3794000000,0x0000ff379bffb900,0x0000ff379c000000)
  to   space 131072K, 0% used [0x0000ff379c000000,0x0000ff379c000000,0x0000ff37a4000000)
 ParOldGen       total 2097152K, used 1764589K [0x0000ff36e4000000, 0x0000ff3764000000, 0x0000ff3764000000)
  object space 2097152K, 84% used [0x0000ff36e4000000,0x0000ff374fb3b510,0x0000ff3764000000)
 Metaspace       used 7365K, committed 7488K, reserved 8192K
}
Event: 9.060 GC heap before
{Heap before GC invocations=4 (full 1):
 PSYoungGen      total 917504K, used 131054K [0x0000ff3764000000, 0x0000ff37a4000000, 0x0000ff37a4000000)
  eden space 786432K, 0% used [0x0000ff3764000000,0x0000ff3764000000,0x0000ff3794000000)
  from space 131072K, 99% used [0x0000ff3794000000,0x0000ff379bffb900,0x0000ff379c000000)
  to   space 131072K, 0% used [0x0000ff379c000000,0x0000ff379c000000,0x0000ff37a4000000)
 ParOldGen       total 2097152K, used 1764589K [0x0000ff36e4000000, 0x0000ff3764000000, 0x0000ff3764000000)
  object space 2097152K, 84% used [0x0000ff36e4000000,0x0000ff374fb3b510,0x0000ff3764000000)
 Metaspace       used 7365K, committed 7488K, reserved 8192K
}
Event: 29.989 GC heap after
{Heap after GC invocations=4 (full 1):
 PSYoungGen      total 917504K, used 0K [0x0000ff3764000000, 0x0000ff37a4000000, 0x0000ff37a4000000)
  eden space 786432K, 0% used [0x0000ff3764000000,0x0000ff3764000000,0x0000ff3794000000)
  from space 131072K, 0% used [0x0000ff379c000000,0x0000ff379c000000,0x0000ff37a4000000)
  to   space 131072K, 0% used [0x0000ff3794000000,0x0000ff3794000000,0x0000ff379c000000)
 ParOldGen       total 2097152K, used 682022K [0x0000ff36e4000000, 0x0000ff3764000000, 0x0000ff3764000000)
  object space 2097152K, 32% used [0x0000ff36e4000000,0x0000ff370da099a8,0x0000ff3764000000)
 Metaspace       used 7365K, committed 7488K, reserved 8192K
}
Event: 30.771 GC heap before
{Heap before GC invocations=5 (full 1):
 PSYoungGen      total 917504K, used 454718K [0x0000ff3764000000, 0x0000ff37a4000000, 0x0000ff37a4000000)
  eden space 786432K, 57% used [0x0000ff3764000000,0x0000ff377fc0fbf0,0x0000ff3794000000)
  from space 131072K, 0% used [0x0000ff379c000000,0x0000ff379c000000,0x0000ff37a4000000)
  to   space 131072K, 0% used [0x0000ff3794000000,0x0000ff3794000000,0x0000ff379c000000)
 ParOldGen       total 2097152K, used 682022K [0x0000ff36e4000000, 0x0000ff3764000000, 0x0000ff3764000000)
  object space 2097152K, 32% used [0x0000ff36e4000000,0x0000ff370da099a8,0x0000ff3764000000)
 Metaspace       used 7393K, committed 7488K, reserved 8192K
}
Event: 33.480 GC heap after
{Heap after GC invocations=5 (full 1):
 PSYoungGen      total 917504K, used 131045K [0x0000ff3764000000, 0x0000ff37a4000000, 0x0000ff37a4000000)
  eden space 786432K, 0% used [0x0000ff3764000000,0x0000ff3764000000,0x0000ff3794000000)
  from space 131072K, 99% used [0x0000ff3794000000,0x0000ff379bff9510,0x0000ff379c000000)
  to   space 131072K, 0% used [0x0000ff379c000000,0x0000ff379c000000,0x0000ff37a4000000)
 ParOldGen       total 2097152K, used 989566K [0x0000ff36e4000000, 0x0000ff3764000000, 0x0000ff3764000000)
  object space 2097152K, 47% used [0x0000ff36e4000000,0x0000ff372065f9a8,0x0000ff3764000000)
 Metaspace       used 7393K, committed 7488K, reserved 8192K
}
Event: 33.480 GC heap before
{Heap before GC invocations=6 (full 2):
 PSYoungGen      total 917504K, used 131045K [0x0000ff3764000000, 0x0000ff37a4000000, 0x0000ff37a4000000)
  eden space 786432K, 0% used [0x0000ff3764000000,0x0000ff3764000000,0x0000ff3794000000)
  from space 131072K, 99% used [0x0000ff3794000000,0x0000ff379bff9510,0x0000ff379c000000)
  to   space 131072K, 0% used [0x0000ff379c000000,0x0000ff379c000000,0x0000ff37a4000000)
 ParOldGen       total 2097152K, used 989566K [0x0000ff36e4000000, 0x0000ff3764000000, 0x0000ff3764000000)
  object space 2097152K, 47% used [0x0000ff36e4000000,0x0000ff372065f9a8,0x0000ff3764000000)
 Metaspace       used 7393K, committed 7488K, reserved 8192K
}
Event: 51.607 GC heap after
{Heap after GC invocations=6 (full 2):
 PSYoungGen      total 917504K, used 0K [0x0000ff3764000000, 0x0000ff37a4000000, 0x0000ff37a4000000)
  eden space 786432K, 0% used [0x0000ff3764000000,0x0000ff3764000000,0x0000ff3794000000)
  from space 131072K, 0% used [0x0000ff3794000000,0x0000ff3794000000,0x0000ff379c000000)
  to   space 131072K, 0% used [0x0000ff379c000000,0x0000ff379c000000,0x0000ff37a4000000)
 ParOldGen       total 2097152K, used 28524K [0x0000ff36e4000000, 0x0000ff3764000000, 0x0000ff3764000000)
  object space 2097152K, 1% used [0x0000ff36e4000000,0x0000ff36e5bdb238,0x0000ff3764000000)
 Metaspace       used 7393K, committed 7488K, reserved 8192K
}
Event: 51.734 GC heap before
{Heap before GC invocations=7 (full 2):
 PSYoungGen      total 917504K, used 15230K [0x0000ff3764000000, 0x0000ff37a4000000, 0x0000ff37a4000000)
  eden space 786432K, 1% used [0x0000ff3764000000,0x0000ff3764edf848,0x0000ff3794000000)
  from space 131072K, 0% used [0x0000ff3794000000,0x0000ff3794000000,0x0000ff379c000000)
  to   space 131072K, 0% used [0x0000ff379c000000,0x0000ff379c000000,0x0000ff37a4000000)
 ParOldGen       total 2097152K, used 28524K [0x0000ff36e4000000, 0x0000ff3764000000, 0x0000ff3764000000)
  object space 2097152K, 1% used [0x0000ff36e4000000,0x0000ff36e5bdb238,0x0000ff3764000000)
 Metaspace       used 7398K, committed 7488K, reserved 8192K
}
Event: 52.439 GC heap after
{Heap after GC invocations=7 (full 2):
 PSYoungGen      total 917504K, used 0K [0x0000ff3764000000, 0x0000ff37a4000000, 0x0000ff37a4000000)
  eden space 786432K, 0% used [0x0000ff3764000000,0x0000ff3764000000,0x0000ff3794000000)
  from space 131072K, 0% used [0x0000ff379c000000,0x0000ff379c000000,0x0000ff37a4000000)
  to   space 131072K, 0% used [0x0000ff3794000000,0x0000ff3794000000,0x0000ff379c000000)
 ParOldGen       total 2097152K, used 28524K [0x0000ff36e4000000, 0x0000ff3764000000, 0x0000ff3764000000)
  object space 2097152K, 1% used [0x0000ff36e4000000,0x0000ff36e5bdb238,0x0000ff3764000000)
 Metaspace       used 7398K, committed 7488K, reserved 8192K
}
Event: 52.440 GC heap before
{Heap before GC invocations=8 (full 3):
 PSYoungGen      total 917504K, used 0K [0x0000ff3764000000, 0x0000ff37a4000000, 0x0000ff37a4000000)
  eden space 786432K, 0% used [0x0000ff3764000000,0x0000ff3764000000,0x0000ff3794000000)
  from space 131072K, 0% used [0x0000ff379c000000,0x0000ff379c000000,0x0000ff37a4000000)
  to   space 131072K, 0% used [0x0000ff3794000000,0x0000ff3794000000,0x0000ff379c000000)
 ParOldGen       total 2097152K, used 28524K [0x0000ff36e4000000, 0x0000ff3764000000, 0x0000ff3764000000)
  object space 2097152K, 1% used [0x0000ff36e4000000,0x0000ff36e5bdb238,0x0000ff3764000000)
 Metaspace       used 7398K, committed 7488K, reserved 8192K
}
Event: 55.437 GC heap after
{Heap after GC invocations=8 (full 3):
 PSYoungGen      total 917504K, used 0K [0x0000ff3764000000, 0x0000ff37a4000000, 0x0000ff37a4000000)
  eden space 786432K, 0% used [0x0000ff3764000000,0x0000ff3764000000,0x0000ff3794000000)
  from space 131072K, 0% used [0x0000ff379c000000,0x0000ff379c000000,0x0000ff37a4000000)
  to   space 131072K, 0% used [0x0000ff3794000000,0x0000ff3794000000,0x0000ff379c000000)
 ParOldGen       total 2097152K, used 16470K [0x0000ff36e4000000, 0x0000ff3764000000, 0x0000ff3764000000)
  object space 2097152K, 0% used [0x0000ff36e4000000,0x0000ff36e50159f8,0x0000ff3764000000)
 Metaspace       used 7398K, committed 7488K, reserved 8192K
}
Event: 55.529 GC heap before
{Heap before GC invocations=9 (full 3):
 PSYoungGen      total 917504K, used 15230K [0x0000ff3764000000, 0x0000ff37a4000000, 0x0000ff37a4000000)
  eden space 786432K, 1% used [0x0000ff3764000000,0x0000ff3764edf848,0x0000ff3794000000)
  from space 131072K, 0% used [0x0000ff379c000000,0x0000ff379c000000,0x0000ff37a4000000)
  to   space 131072K, 0% used [0x0000ff3794000000,0x0000ff3794000000,0x0000ff379c000000)
 ParOldGen       total 2097152K, used 16470K [0x0000ff36e4000000, 0x0000ff3764000000, 0x0000ff3764000000)
  object space 2097152K, 0% used [0x0000ff36e4000000,0x0000ff36e50159f8,0x0000ff3764000000)
 Metaspace       used 7398K, committed 7488K, reserved 8192K
}
Event: 55.554 GC heap after
{Heap after GC invocations=9 (full 3):
 PSYoungGen      total 917504K, used 32K [0x0000ff3764000000, 0x0000ff37a4000000, 0x0000ff37a4000000)
  eden space 786432K, 0% used [0x0000ff3764000000,0x0000ff3764000000,0x0000ff3794000000)
  from space 131072K, 0% used [0x0000ff3794000000,0x0000ff3794008000,0x0000ff379c000000)
  to   space 131072K, 0% used [0x0000ff379c000000,0x0000ff379c000000,0x0000ff37a4000000)
 ParOldGen       total 2097152K, used 16470K [0x0000ff36e4000000, 0x0000ff3764000000, 0x0000ff3764000000)
  object space 2097152K, 0% used [0x0000ff36e4000000,0x0000ff36e50159f8,0x0000ff3764000000)
 Metaspace       used 7398K, committed 7488K, reserved 8192K
}
Event: 55.554 GC heap before
{Heap before GC invocations=10 (full 4):
 PSYoungGen      total 917504K, used 32K [0x0000ff3764000000, 0x0000ff37a4000000, 0x0000ff37a4000000)
  eden space 786432K, 0% used [0x0000ff3764000000,0x0000ff3764000000,0x0000ff3794000000)
  from space 131072K, 0% used [0x0000ff3794000000,0x0000ff3794008000,0x0000ff379c000000)
  to   space 131072K, 0% used [0x0000ff379c000000,0x0000ff379c000000,0x0000ff37a4000000)
 ParOldGen       total 2097152K, used 16470K [0x0000ff36e4000000, 0x0000ff3764000000, 0x0000ff3764000000)
  object space 2097152K, 0% used [0x0000ff36e4000000,0x0000ff36e50159f8,0x0000ff3764000000)
 Metaspace       used 7398K, committed 7488K, reserved 8192K
}
Event: 57.449 GC heap after
{Heap after GC invocations=10 (full 4):
 PSYoungGen      total 917504K, used 0K [0x0000ff3764000000, 0x0000ff37a4000000, 0x0000ff37a4000000)
  eden space 786432K, 0% used [0x0000ff3764000000,0x0000ff3764000000,0x0000ff3794000000)
  from space 131072K, 0% used [0x0000ff3794000000,0x0000ff3794000000,0x0000ff379c000000)
  to   space 131072K, 0% used [0x0000ff379c000000,0x0000ff379c000000,0x0000ff37a4000000)
 ParOldGen       total 2097152K, used 1452K [0x0000ff36e4000000, 0x0000ff3764000000, 0x0000ff3764000000)
  object space 2097152K, 0% used [0x0000ff36e4000000,0x0000ff36e416b370,0x0000ff3764000000)
 Metaspace       used 7398K, committed 7488K, reserved 8192K
}
Event: 57.541 GC heap before
{Heap before GC invocations=11 (full 4):
 PSYoungGen      total 917504K, used 15230K [0x0000ff3764000000, 0x0000ff37a4000000, 0x0000ff37a4000000)
  eden space 786432K, 1% used [0x0000ff3764000000,0x0000ff3764edf848,0x0000ff3794000000)
  from space 131072K, 0% used [0x0000ff3794000000,0x0000ff3794000000,0x0000ff379c000000)
  to   space 131072K, 0% used [0x0000ff379c000000,0x0000ff379c000000,0x0000ff37a4000000)
 ParOldGen       total 2097152K, used 1452K [0x0000ff36e4000000, 0x0000ff3764000000, 0x0000ff3764000000)
  object space 2097152K, 0% used [0x0000ff36e4000000,0x0000ff36e416b370,0x0000ff3764000000)
 Metaspace       used 7398K, committed 7488K, reserved 8192K
}
Event: 57.542 GC heap after
{Heap after GC invocations=11 (full 4):
 PSYoungGen      total 917504K, used 0K [0x0000ff3764000000, 0x0000ff37a4000000, 0x0000ff37a4000000)
  eden space 786432K, 0% used [0x0000ff3764000000,0x0000ff3764000000,0x0000ff3794000000)
  from space 131072K, 0% used [0x0000ff379c000000,0x0000ff379c000000,0x0000ff37a4000000)
  to   space 131072K, 0% used [0x0000ff3794000000,0x0000ff3794000000,0x0000ff379c000000)
 ParOldGen       total 2097152K, used 1452K [0x0000ff36e4000000, 0x0000ff3764000000, 0x0000ff3764000000)
  object space 2097152K, 0% used [0x0000ff36e4000000,0x0000ff36e416b370,0x0000ff3764000000)
 Metaspace       used 7398K, committed 7488K, reserved 8192K
}
Event: 57.542 GC heap before
{Heap before GC invocations=12 (full 5):
 PSYoungGen      total 917504K, used 0K [0x0000ff3764000000, 0x0000ff37a4000000, 0x0000ff37a4000000)
  eden space 786432K, 0% used [0x0000ff3764000000,0x0000ff3764000000,0x0000ff3794000000)
  from space 131072K, 0% used [0x0000ff379c000000,0x0000ff379c000000,0x0000ff37a4000000)
  to   space 131072K, 0% used [0x0000ff3794000000,0x0000ff3794000000,0x0000ff379c000000)
 ParOldGen       total 2097152K, used 1452K [0x0000ff36e4000000, 0x0000ff3764000000, 0x0000ff3764000000)
  object space 2097152K, 0% used [0x0000ff36e4000000,0x0000ff36e416b370,0x0000ff3764000000)
 Metaspace       used 7398K, committed 7488K, reserved 8192K
}
Event: 57.596 GC heap after
{Heap after GC invocations=12 (full 5):
 PSYoungGen      total 917504K, used 0K [0x0000ff3764000000, 0x0000ff37a4000000, 0x0000ff37a4000000)
  eden space 786432K, 0% used [0x0000ff3764000000,0x0000ff3764000000,0x0000ff3794000000)
  from space 131072K, 0% used [0x0000ff379c000000,0x0000ff379c000000,0x0000ff37a4000000)
  to   space 131072K, 0% used [0x0000ff3794000000,0x0000ff3794000000,0x0000ff379c000000)
 ParOldGen       total 2097152K, used 1452K [0x0000ff36e4000000, 0x0000ff3764000000, 0x0000ff3764000000)
  object space 2097152K, 0% used [0x0000ff36e4000000,0x0000ff36e416b370,0x0000ff3764000000)
 Metaspace       used 7398K, committed 7488K, reserved 8192K
}

