# JRE version: OpenJDK Runtime Environment (17.0.6) (build 17.0.6-internal+0-adhoc.perpap.jdk17u067)
# Java VM: OpenJDK 64-Bit Server VM (17.0.6-internal+0-adhoc.perpap.jdk17u067, mixed mode, tiered, parallel gc, linux-aarch64)
GC Precious Log:
 CPUs: 160 total, 160 available
 Memory: 254G
 Large Page Support: Disabled
 NUMA Support: Disabled
 Compressed Oops: Disabled
 Alignments: Space 512K, Generation 512K, Heap 32M
 Heap Min Capacity: 1G
 Heap Initial Capacity: 1G
 Heap Max Capacity: 1G
 Pre-touch: Disabled
 Parallel Workers: 2
Heap:
 PSYoungGen      total 305664K, used 5116K [0x0000ff3772b00000, 0x0000ff3788000000, 0x0000ff3788000000)
  eden space 262144K, 1% used [0x0000ff3772b00000,0x0000ff3772fff108,0x0000ff3782b00000)
  from space 43520K, 0% used [0x0000ff3782b00000,0x0000ff3782b00000,0x0000ff3785580000)
  to   space 43520K, 0% used [0x0000ff3785580000,0x0000ff3785580000,0x0000ff3788000000)
 ParOldGen       total 699392K, used 1623K [0x0000ff3748000000, 0x0000ff3772b00000, 0x0000ff3772b00000)
  object space 699392K, 0% used [0x0000ff3748000000,0x0000ff3748195f80,0x0000ff3772b00000)
 Metaspace       used 7040K, committed 7104K, reserved 8192K
GC Heap History (20 events):
Event: 2.650 GC heap before
{Heap before GC invocations=5 (full 1):
 PSYoungGen      total 305664K, used 5067K [0x0000ff3772b00000, 0x0000ff3788000000, 0x0000ff3788000000)
  eden space 262144K, 1% used [0x0000ff3772b00000,0x0000ff3772ff2e90,0x0000ff3782b00000)
  from space 43520K, 0% used [0x0000ff3782b00000,0x0000ff3782b00000,0x0000ff3785580000)
  to   space 43520K, 0% used [0x0000ff3785580000,0x0000ff3785580000,0x0000ff3788000000)
 ParOldGen       total 699392K, used 1576K [0x0000ff3748000000, 0x0000ff3772b00000, 0x0000ff3772b00000)
  object space 699392K, 0% used [0x0000ff3748000000,0x0000ff374818a1c8,0x0000ff3772b00000)
 Metaspace       used 7030K, committed 7104K, reserved 8192K
}
Event: 2.877 GC heap after
{Heap after GC invocations=5 (full 1):
 PSYoungGen      total 305664K, used 64K [0x0000ff3772b00000, 0x0000ff3788000000, 0x0000ff3788000000)
  eden space 262144K, 0% used [0x0000ff3772b00000,0x0000ff3772b00000,0x0000ff3782b00000)
  from space 43520K, 0% used [0x0000ff3785580000,0x0000ff3785590000,0x0000ff3788000000)
  to   space 43520K, 0% used [0x0000ff3782b00000,0x0000ff3782b00000,0x0000ff3785580000)
 ParOldGen       total 699392K, used 1576K [0x0000ff3748000000, 0x0000ff3772b00000, 0x0000ff3772b00000)
  object space 699392K, 0% used [0x0000ff3748000000,0x0000ff374818a1c8,0x0000ff3772b00000)
 Metaspace       used 7030K, committed 7104K, reserved 8192K
}
Event: 2.877 GC heap before
{Heap before GC invocations=6 (full 2):
 PSYoungGen      total 305664K, used 64K [0x0000ff3772b00000, 0x0000ff3788000000, 0x0000ff3788000000)
  eden space 262144K, 0% used [0x0000ff3772b00000,0x0000ff3772b00000,0x0000ff3782b00000)
  from space 43520K, 0% used [0x0000ff3785580000,0x0000ff3785590000,0x0000ff3788000000)
  to   space 43520K, 0% used [0x0000ff3782b00000,0x0000ff3782b00000,0x0000ff3785580000)
 ParOldGen       total 699392K, used 1576K [0x0000ff3748000000, 0x0000ff3772b00000, 0x0000ff3772b00000)
  object space 699392K, 0% used [0x0000ff3748000000,0x0000ff374818a1c8,0x0000ff3772b00000)
 Metaspace       used 7030K, committed 7104K, reserved 8192K
}
Event: 3.153 GC heap after
{Heap after GC invocations=6 (full 2):
 PSYoungGen      total 305664K, used 0K [0x0000ff3772b00000, 0x0000ff3788000000, 0x0000ff3788000000)
  eden space 262144K, 0% used [0x0000ff3772b00000,0x0000ff3772b00000,0x0000ff3782b00000)
  from space 43520K, 0% used [0x0000ff3785580000,0x0000ff3785580000,0x0000ff3788000000)
  to   space 43520K, 0% used [0x0000ff3782b00000,0x0000ff3782b00000,0x0000ff3785580000)
 ParOldGen       total 699392K, used 1379K [0x0000ff3748000000, 0x0000ff3772b00000, 0x0000ff3772b00000)
  object space 699392K, 0% used [0x0000ff3748000000,0x0000ff3748158c60,0x0000ff3772b00000)
 Metaspace       used 7030K, committed 7104K, reserved 8192K
}
Event: 3.185 GC heap before
{Heap before GC invocations=7 (full 2):
 PSYoungGen      total 305664K, used 5067K [0x0000ff3772b00000, 0x0000ff3788000000, 0x0000ff3788000000)
  eden space 262144K, 1% used [0x0000ff3772b00000,0x0000ff3772ff2e90,0x0000ff3782b00000)
  from space 43520K, 0% used [0x0000ff3785580000,0x0000ff3785580000,0x0000ff3788000000)
  to   space 43520K, 0% used [0x0000ff3782b00000,0x0000ff3782b00000,0x0000ff3785580000)
 ParOldGen       total 699392K, used 1379K [0x0000ff3748000000, 0x0000ff3772b00000, 0x0000ff3772b00000)
  object space 699392K, 0% used [0x0000ff3748000000,0x0000ff3748158c60,0x0000ff3772b00000)
 Metaspace       used 7038K, committed 7104K, reserved 8192K
}
Event: 3.186 GC heap after
{Heap after GC invocations=7 (full 2):
 PSYoungGen      total 305664K, used 0K [0x0000ff3772b00000, 0x0000ff3788000000, 0x0000ff3788000000)
  eden space 262144K, 0% used [0x0000ff3772b00000,0x0000ff3772b00000,0x0000ff3782b00000)
  from space 43520K, 0% used [0x0000ff3782b00000,0x0000ff3782b00000,0x0000ff3785580000)
  to   space 43520K, 0% used [0x0000ff3785580000,0x0000ff3785580000,0x0000ff3788000000)
 ParOldGen       total 699392K, used 1379K [0x0000ff3748000000, 0x0000ff3772b00000, 0x0000ff3772b00000)
  object space 699392K, 0% used [0x0000ff3748000000,0x0000ff3748158c60,0x0000ff3772b00000)
 Metaspace       used 7038K, committed 7104K, reserved 8192K
}
Event: 3.186 GC heap before
{Heap before GC invocations=8 (full 3):
 PSYoungGen      total 305664K, used 0K [0x0000ff3772b00000, 0x0000ff3788000000, 0x0000ff3788000000)
  eden space 262144K, 0% used [0x0000ff3772b00000,0x0000ff3772b00000,0x0000ff3782b00000)
  from space 43520K, 0% used [0x0000ff3782b00000,0x0000ff3782b00000,0x0000ff3785580000)
  to   space 43520K, 0% used [0x0000ff3785580000,0x0000ff3785580000,0x0000ff3788000000)
 ParOldGen       total 699392K, used 1379K [0x0000ff3748000000, 0x0000ff3772b00000, 0x0000ff3772b00000)
  object space 699392K, 0% used [0x0000ff3748000000,0x0000ff3748158c60,0x0000ff3772b00000)
 Metaspace       used 7038K, committed 7104K, reserved 8192K
}
Event: 3.462 GC heap after
{Heap after GC invocations=8 (full 3):
 PSYoungGen      total 305664K, used 0K [0x0000ff3772b00000, 0x0000ff3788000000, 0x0000ff3788000000)
  eden space 262144K, 0% used [0x0000ff3772b00000,0x0000ff3772b00000,0x0000ff3782b00000)
  from space 43520K, 0% used [0x0000ff3782b00000,0x0000ff3782b00000,0x0000ff3785580000)
  to   space 43520K, 0% used [0x0000ff3785580000,0x0000ff3785580000,0x0000ff3788000000)
 ParOldGen       total 699392K, used 1367K [0x0000ff3748000000, 0x0000ff3772b00000, 0x0000ff3772b00000)
  object space 699392K, 0% used [0x0000ff3748000000,0x0000ff3748155fd8,0x0000ff3772b00000)
 Metaspace       used 7038K, committed 7104K, reserved 8192K
}
Event: 3.486 GC heap before
{Heap before GC invocations=9 (full 3):
 PSYoungGen      total 305664K, used 5067K [0x0000ff3772b00000, 0x0000ff3788000000, 0x0000ff3788000000)
  eden space 262144K, 1% used [0x0000ff3772b00000,0x0000ff3772ff2e90,0x0000ff3782b00000)
  from space 43520K, 0% used [0x0000ff3782b00000,0x0000ff3782b00000,0x0000ff3785580000)
  to   space 43520K, 0% used [0x0000ff3785580000,0x0000ff3785580000,0x0000ff3788000000)
 ParOldGen       total 699392K, used 1367K [0x0000ff3748000000, 0x0000ff3772b00000, 0x0000ff3772b00000)
  object space 699392K, 0% used [0x0000ff3748000000,0x0000ff3748155fd8,0x0000ff3772b00000)
 Metaspace       used 7038K, committed 7104K, reserved 8192K
}
Event: 3.486 GC heap after
{Heap after GC invocations=9 (full 3):
 PSYoungGen      total 305664K, used 0K [0x0000ff3772b00000, 0x0000ff3788000000, 0x0000ff3788000000)
  eden space 262144K, 0% used [0x0000ff3772b00000,0x0000ff3772b00000,0x0000ff3782b00000)
  from space 43520K, 0% used [0x0000ff3785580000,0x0000ff3785580000,0x0000ff3788000000)
  to   space 43520K, 0% used [0x0000ff3782b00000,0x0000ff3782b00000,0x0000ff3785580000)
 ParOldGen       total 699392K, used 1367K [0x0000ff3748000000, 0x0000ff3772b00000, 0x0000ff3772b00000)
  object space 699392K, 0% used [0x0000ff3748000000,0x0000ff3748155fd8,0x0000ff3772b00000)
 Metaspace       used 7038K, committed 7104K, reserved 8192K
}
Event: 3.486 GC heap before
{Heap before GC invocations=10 (full 4):
 PSYoungGen      total 305664K, used 0K [0x0000ff3772b00000, 0x0000ff3788000000, 0x0000ff3788000000)
  eden space 262144K, 0% used [0x0000ff3772b00000,0x0000ff3772b00000,0x0000ff3782b00000)
  from space 43520K, 0% used [0x0000ff3785580000,0x0000ff3785580000,0x0000ff3788000000)
  to   space 43520K, 0% used [0x0000ff3782b00000,0x0000ff3782b00000,0x0000ff3785580000)
 ParOldGen       total 699392K, used 1367K [0x0000ff3748000000, 0x0000ff3772b00000, 0x0000ff3772b00000)
  object space 699392K, 0% used [0x0000ff3748000000,0x0000ff3748155fd8,0x0000ff3772b00000)
 Metaspace       used 7038K, committed 7104K, reserved 8192K
}
Event: 3.490 GC heap after
{Heap after GC invocations=10 (full 4):
 PSYoungGen      total 305664K, used 0K [0x0000ff3772b00000, 0x0000ff3788000000, 0x0000ff3788000000)
  eden space 262144K, 0% used [0x0000ff3772b00000,0x0000ff3772b00000,0x0000ff3782b00000)
  from space 43520K, 0% used [0x0000ff3785580000,0x0000ff3785580000,0x0000ff3788000000)
  to   space 43520K, 0% used [0x0000ff3782b00000,0x0000ff3782b00000,0x0000ff3785580000)
 ParOldGen       total 699392K, used 1367K [0x0000ff3748000000, 0x0000ff3772b00000, 0x0000ff3772b00000)
  object space 699392K, 0% used [0x0000ff3748000000,0x0000ff3748155f58,0x0000ff3772b00000)
 Metaspace       used 7038K, committed 7104K, reserved 8192K
}
Event: 3.539 GC heap before
{Heap before GC invocations=11 (full 4):
 PSYoungGen      total 305664K, used 226407K [0x0000ff3772b00000, 0x0000ff3788000000, 0x0000ff3788000000)
  eden space 262144K, 86% used [0x0000ff3772b00000,0x0000ff3780819d20,0x0000ff3782b00000)
  from space 43520K, 0% used [0x0000ff3785580000,0x0000ff3785580000,0x0000ff3788000000)
  to   space 43520K, 0% used [0x0000ff3782b00000,0x0000ff3782b00000,0x0000ff3785580000)
 ParOldGen       total 699392K, used 1367K [0x0000ff3748000000, 0x0000ff3772b00000, 0x0000ff3772b00000)
  object space 699392K, 0% used [0x0000ff3748000000,0x0000ff3748155f58,0x0000ff3772b00000)
 Metaspace       used 7038K, committed 7104K, reserved 8192K
}
Event: 3.706 GC heap after
{Heap after GC invocations=11 (full 4):
 PSYoungGen      total 305664K, used 43504K [0x0000ff3772b00000, 0x0000ff3788000000, 0x0000ff3788000000)
  eden space 262144K, 0% used [0x0000ff3772b00000,0x0000ff3772b00000,0x0000ff3782b00000)
  from space 43520K, 99% used [0x0000ff3782b00000,0x0000ff378557c3f8,0x0000ff3785580000)
  to   space 43520K, 0% used [0x0000ff3785580000,0x0000ff3785580000,0x0000ff3788000000)
 ParOldGen       total 699392K, used 118583K [0x0000ff3748000000, 0x0000ff3772b00000, 0x0000ff3772b00000)
  object space 699392K, 16% used [0x0000ff3748000000,0x0000ff374f3cdf58,0x0000ff3772b00000)
 Metaspace       used 7038K, committed 7104K, reserved 8192K
}
Event: 3.756 GC heap before
{Heap before GC invocations=12 (full 4):
 PSYoungGen      total 305664K, used 305648K [0x0000ff3772b00000, 0x0000ff3788000000, 0x0000ff3788000000)
  eden space 262144K, 100% used [0x0000ff3772b00000,0x0000ff3782b00000,0x0000ff3782b00000)
  from space 43520K, 99% used [0x0000ff3782b00000,0x0000ff378557c3f8,0x0000ff3785580000)
  to   space 43520K, 0% used [0x0000ff3785580000,0x0000ff3785580000,0x0000ff3788000000)
 ParOldGen       total 699392K, used 118583K [0x0000ff3748000000, 0x0000ff3772b00000, 0x0000ff3772b00000)
  object space 699392K, 16% used [0x0000ff3748000000,0x0000ff374f3cdf58,0x0000ff3772b00000)
 Metaspace       used 7038K, committed 7104K, reserved 8192K
}
Event: 4.007 GC heap after
{Heap after GC invocations=12 (full 4):
 PSYoungGen      total 305664K, used 43520K [0x0000ff3772b00000, 0x0000ff3788000000, 0x0000ff3788000000)
  eden space 262144K, 0% used [0x0000ff3772b00000,0x0000ff3772b00000,0x0000ff3782b00000)
  from space 43520K, 100% used [0x0000ff3785580000,0x0000ff3788000000,0x0000ff3788000000)
  to   space 43520K, 0% used [0x0000ff3782b00000,0x0000ff3782b00000,0x0000ff3785580000)
 ParOldGen       total 699392K, used 301046K [0x0000ff3748000000, 0x0000ff3772b00000, 0x0000ff3772b00000)
  object space 699392K, 43% used [0x0000ff3748000000,0x0000ff375a5fd818,0x0000ff3772b00000)
 Metaspace       used 7038K, committed 7104K, reserved 8192K
}
Event: 4.029 GC heap before
{Heap before GC invocations=13 (full 4):
 PSYoungGen      total 305664K, used 197964K [0x0000ff3772b00000, 0x0000ff3788000000, 0x0000ff3788000000)
  eden space 262144K, 58% used [0x0000ff3772b00000,0x0000ff377c1d3000,0x0000ff3782b00000)
  from space 43520K, 100% used [0x0000ff3785580000,0x0000ff3788000000,0x0000ff3788000000)
  to   space 43520K, 0% used [0x0000ff3782b00000,0x0000ff3782b00000,0x0000ff3785580000)
 ParOldGen       total 699392K, used 301046K [0x0000ff3748000000, 0x0000ff3772b00000, 0x0000ff3772b00000)
  object space 699392K, 43% used [0x0000ff3748000000,0x0000ff375a5fd818,0x0000ff3772b00000)
 Metaspace       used 7038K, committed 7104K, reserved 8192K
}
Event: 4.137 GC heap after
{Heap after GC invocations=13 (full 4):
 PSYoungGen      total 305664K, used 43520K [0x0000ff3772b00000, 0x0000ff3788000000, 0x0000ff3788000000)
  eden space 262144K, 0% used [0x0000ff3772b00000,0x0000ff3772b00000,0x0000ff3782b00000)
  from space 43520K, 100% used [0x0000ff3782b00000,0x0000ff3785580000,0x0000ff3785580000)
  to   space 43520K, 0% used [0x0000ff3785580000,0x0000ff3785580000,0x0000ff3788000000)
 ParOldGen       total 699392K, used 451739K [0x0000ff3748000000, 0x0000ff3772b00000, 0x0000ff3772b00000)
  object space 699392K, 64% used [0x0000ff3748000000,0x0000ff3763926d28,0x0000ff3772b00000)
 Metaspace       used 7038K, committed 7104K, reserved 8192K
}
Event: 4.137 GC heap before
{Heap before GC invocations=14 (full 5):
 PSYoungGen      total 305664K, used 43520K [0x0000ff3772b00000, 0x0000ff3788000000, 0x0000ff3788000000)
  eden space 262144K, 0% used [0x0000ff3772b00000,0x0000ff3772b00000,0x0000ff3782b00000)
  from space 43520K, 100% used [0x0000ff3782b00000,0x0000ff3785580000,0x0000ff3785580000)
  to   space 43520K, 0% used [0x0000ff3785580000,0x0000ff3785580000,0x0000ff3788000000)
 ParOldGen       total 699392K, used 451739K [0x0000ff3748000000, 0x0000ff3772b00000, 0x0000ff3772b00000)
  object space 699392K, 64% used [0x0000ff3748000000,0x0000ff3763926d28,0x0000ff3772b00000)
 Metaspace       used 7038K, committed 7104K, reserved 8192K
}
Event: 5.835 GC heap after
{Heap after GC invocations=14 (full 5):
 PSYoungGen      total 305664K, used 0K [0x0000ff3772b00000, 0x0000ff3788000000, 0x0000ff3788000000)
  eden space 262144K, 0% used [0x0000ff3772b00000,0x0000ff3772b00000,0x0000ff3782b00000)
  from space 43520K, 0% used [0x0000ff3782b00000,0x0000ff3782b00000,0x0000ff3785580000)
  to   space 43520K, 0% used [0x0000ff3785580000,0x0000ff3785580000,0x0000ff3788000000)
 ParOldGen       total 699392K, used 1623K [0x0000ff3748000000, 0x0000ff3772b00000, 0x0000ff3772b00000)
  object space 699392K, 0% used [0x0000ff3748000000,0x0000ff3748195f80,0x0000ff3772b00000)
 Metaspace       used 7038K, committed 7104K, reserved 8192K
}

