# JRE version: OpenJDK Runtime Environment (17.0.6) (fastdebug build 17.0.6-internal+0-adhoc.perpap.jdk17u067)
# Java VM: OpenJDK 64-Bit Server VM (fastdebug 17.0.6-internal+0-adhoc.perpap.jdk17u067, mixed mode, tiered, parallel gc, linux-aarch64)
GC Precious Log:
 CPUs: 160 total, 160 available
 Memory: 254G
 Large Page Support: Disabled
 NUMA Support: Disabled
 Compressed Oops: Disabled
 Alignments: Space 512K, Generation 512K, Heap 32M
 Heap Min Capacity: 3G
 Heap Initial Capacity: 3G
 Heap Max Capacity: 3G
 Pre-touch: Disabled
 Parallel Workers: 2
Heap:
 PSYoungGen      total 917504K, used 30461K [0x0000ff3748000000, 0x0000ff3788000000, 0x0000ff3788000000)
  eden space 786432K, 3% used [0x0000ff3748000000,0x0000ff3749dbf520,0x0000ff3778000000)
  from space 131072K, 0% used [0x0000ff3780000000,0x0000ff3780000000,0x0000ff3788000000)
  to   space 131072K, 0% used [0x0000ff3778000000,0x0000ff3778000000,0x0000ff3780000000)
 ParOldGen       total 2097152K, used 1450K [0x0000ff36c8000000, 0x0000ff3748000000, 0x0000ff3748000000)
  object space 2097152K, 0% used [0x0000ff36c8000000,0x0000ff36c816ab58,0x0000ff3748000000)
 Metaspace       used 7398K, committed 7488K, reserved 8192K
GC Heap History (20 events):
Event: 4.930 GC heap before
{Heap before GC invocations=3 (full 0):
 PSYoungGen      total 917504K, used 917490K [0x0000ff3748000000, 0x0000ff3788000000, 0x0000ff3788000000)
  eden space 786432K, 100% used [0x0000ff3748000000,0x0000ff3778000000,0x0000ff3778000000)
  from space 131072K, 99% used [0x0000ff3780000000,0x0000ff3787ffcbd8,0x0000ff3788000000)
  to   space 131072K, 0% used [0x0000ff3778000000,0x0000ff3778000000,0x0000ff3780000000)
 ParOldGen       total 2097152K, used 1115016K [0x0000ff36c8000000, 0x0000ff3748000000, 0x0000ff3748000000)
  object space 2097152K, 53% used [0x0000ff36c8000000,0x0000ff370c0e2000,0x0000ff3748000000)
 Metaspace       used 7365K, committed 7488K, reserved 8192K
}
Event: 6.970 GC heap after
{Heap after GC invocations=3 (full 0):
 PSYoungGen      total 917504K, used 131070K [0x0000ff3748000000, 0x0000ff3788000000, 0x0000ff3788000000)
  eden space 786432K, 0% used [0x0000ff3748000000,0x0000ff3748000000,0x0000ff3778000000)
  from space 131072K, 99% used [0x0000ff3778000000,0x0000ff377ffff920,0x0000ff3780000000)
  to   space 131072K, 0% used [0x0000ff3780000000,0x0000ff3780000000,0x0000ff3788000000)
 ParOldGen       total 2097152K, used 1760597K [0x0000ff36c8000000, 0x0000ff3748000000, 0x0000ff3748000000)
  object space 2097152K, 83% used [0x0000ff36c8000000,0x0000ff3733755510,0x0000ff3748000000)
 Metaspace       used 7365K, committed 7488K, reserved 8192K
}
Event: 6.970 GC heap before
{Heap before GC invocations=4 (full 1):
 PSYoungGen      total 917504K, used 131070K [0x0000ff3748000000, 0x0000ff3788000000, 0x0000ff3788000000)
  eden space 786432K, 0% used [0x0000ff3748000000,0x0000ff3748000000,0x0000ff3778000000)
  from space 131072K, 99% used [0x0000ff3778000000,0x0000ff377ffff920,0x0000ff3780000000)
  to   space 131072K, 0% used [0x0000ff3780000000,0x0000ff3780000000,0x0000ff3788000000)
 ParOldGen       total 2097152K, used 1760597K [0x0000ff36c8000000, 0x0000ff3748000000, 0x0000ff3748000000)
  object space 2097152K, 83% used [0x0000ff36c8000000,0x0000ff3733755510,0x0000ff3748000000)
 Metaspace       used 7365K, committed 7488K, reserved 8192K
}
Event: 27.386 GC heap after
{Heap after GC invocations=4 (full 1):
 PSYoungGen      total 917504K, used 0K [0x0000ff3748000000, 0x0000ff3788000000, 0x0000ff3788000000)
  eden space 786432K, 0% used [0x0000ff3748000000,0x0000ff3748000000,0x0000ff3778000000)
  from space 131072K, 0% used [0x0000ff3780000000,0x0000ff3780000000,0x0000ff3788000000)
  to   space 131072K, 0% used [0x0000ff3778000000,0x0000ff3778000000,0x0000ff3780000000)
 ParOldGen       total 2097152K, used 678514K [0x0000ff36c8000000, 0x0000ff3748000000, 0x0000ff3748000000)
  object space 2097152K, 32% used [0x0000ff36c8000000,0x0000ff36f169c9f0,0x0000ff3748000000)
 Metaspace       used 7365K, committed 7488K, reserved 8192K
}
Event: 28.187 GC heap before
{Heap before GC invocations=5 (full 1):
 PSYoungGen      total 917504K, used 454738K [0x0000ff3748000000, 0x0000ff3788000000, 0x0000ff3788000000)
  eden space 786432K, 57% used [0x0000ff3748000000,0x0000ff3763c14990,0x0000ff3778000000)
  from space 131072K, 0% used [0x0000ff3780000000,0x0000ff3780000000,0x0000ff3788000000)
  to   space 131072K, 0% used [0x0000ff3778000000,0x0000ff3778000000,0x0000ff3780000000)
 ParOldGen       total 2097152K, used 678514K [0x0000ff36c8000000, 0x0000ff3748000000, 0x0000ff3748000000)
  object space 2097152K, 32% used [0x0000ff36c8000000,0x0000ff36f169c9f0,0x0000ff3748000000)
 Metaspace       used 7398K, committed 7488K, reserved 8192K
}
Event: 29.841 GC heap after
{Heap after GC invocations=5 (full 1):
 PSYoungGen      total 917504K, used 131072K [0x0000ff3748000000, 0x0000ff3788000000, 0x0000ff3788000000)
  eden space 786432K, 0% used [0x0000ff3748000000,0x0000ff3748000000,0x0000ff3778000000)
  from space 131072K, 100% used [0x0000ff3778000000,0x0000ff3780000000,0x0000ff3780000000)
  to   space 131072K, 0% used [0x0000ff3780000000,0x0000ff3780000000,0x0000ff3788000000)
 ParOldGen       total 2097152K, used 989687K [0x0000ff36c8000000, 0x0000ff3748000000, 0x0000ff3748000000)
  object space 2097152K, 47% used [0x0000ff36c8000000,0x0000ff370467df00,0x0000ff3748000000)
 Metaspace       used 7398K, committed 7488K, reserved 8192K
}
Event: 29.841 GC heap before
{Heap before GC invocations=6 (full 2):
 PSYoungGen      total 917504K, used 131072K [0x0000ff3748000000, 0x0000ff3788000000, 0x0000ff3788000000)
  eden space 786432K, 0% used [0x0000ff3748000000,0x0000ff3748000000,0x0000ff3778000000)
  from space 131072K, 100% used [0x0000ff3778000000,0x0000ff3780000000,0x0000ff3780000000)
  to   space 131072K, 0% used [0x0000ff3780000000,0x0000ff3780000000,0x0000ff3788000000)
 ParOldGen       total 2097152K, used 989687K [0x0000ff36c8000000, 0x0000ff3748000000, 0x0000ff3748000000)
  object space 2097152K, 47% used [0x0000ff36c8000000,0x0000ff370467df00,0x0000ff3748000000)
 Metaspace       used 7398K, committed 7488K, reserved 8192K
}
Event: 47.130 GC heap after
{Heap after GC invocations=6 (full 2):
 PSYoungGen      total 917504K, used 0K [0x0000ff3748000000, 0x0000ff3788000000, 0x0000ff3788000000)
  eden space 786432K, 0% used [0x0000ff3748000000,0x0000ff3748000000,0x0000ff3778000000)
  from space 131072K, 0% used [0x0000ff3778000000,0x0000ff3778000000,0x0000ff3780000000)
  to   space 131072K, 0% used [0x0000ff3780000000,0x0000ff3780000000,0x0000ff3788000000)
 ParOldGen       total 2097152K, used 1626K [0x0000ff36c8000000, 0x0000ff3748000000, 0x0000ff3748000000)
  object space 2097152K, 0% used [0x0000ff36c8000000,0x0000ff36c8196a20,0x0000ff3748000000)
 Metaspace       used 7398K, committed 7488K, reserved 8192K
}
Event: 47.218 GC heap before
{Heap before GC invocations=7 (full 2):
 PSYoungGen      total 917504K, used 15230K [0x0000ff3748000000, 0x0000ff3788000000, 0x0000ff3788000000)
  eden space 786432K, 1% used [0x0000ff3748000000,0x0000ff3748edfa90,0x0000ff3778000000)
  from space 131072K, 0% used [0x0000ff3778000000,0x0000ff3778000000,0x0000ff3780000000)
  to   space 131072K, 0% used [0x0000ff3780000000,0x0000ff3780000000,0x0000ff3788000000)
 ParOldGen       total 2097152K, used 1626K [0x0000ff36c8000000, 0x0000ff3748000000, 0x0000ff3748000000)
  object space 2097152K, 0% used [0x0000ff36c8000000,0x0000ff36c8196a20,0x0000ff3748000000)
 Metaspace       used 7398K, committed 7488K, reserved 8192K
}
Event: 47.982 GC heap after
{Heap after GC invocations=7 (full 2):
 PSYoungGen      total 917504K, used 0K [0x0000ff3748000000, 0x0000ff3788000000, 0x0000ff3788000000)
  eden space 786432K, 0% used [0x0000ff3748000000,0x0000ff3748000000,0x0000ff3778000000)
  from space 131072K, 0% used [0x0000ff3780000000,0x0000ff3780000000,0x0000ff3788000000)
  to   space 131072K, 0% used [0x0000ff3778000000,0x0000ff3778000000,0x0000ff3780000000)
 ParOldGen       total 2097152K, used 1626K [0x0000ff36c8000000, 0x0000ff3748000000, 0x0000ff3748000000)
  object space 2097152K, 0% used [0x0000ff36c8000000,0x0000ff36c8196a20,0x0000ff3748000000)
 Metaspace       used 7398K, committed 7488K, reserved 8192K
}
Event: 47.982 GC heap before
{Heap before GC invocations=8 (full 3):
 PSYoungGen      total 917504K, used 0K [0x0000ff3748000000, 0x0000ff3788000000, 0x0000ff3788000000)
  eden space 786432K, 0% used [0x0000ff3748000000,0x0000ff3748000000,0x0000ff3778000000)
  from space 131072K, 0% used [0x0000ff3780000000,0x0000ff3780000000,0x0000ff3788000000)
  to   space 131072K, 0% used [0x0000ff3778000000,0x0000ff3778000000,0x0000ff3780000000)
 ParOldGen       total 2097152K, used 1626K [0x0000ff36c8000000, 0x0000ff3748000000, 0x0000ff3748000000)
  object space 2097152K, 0% used [0x0000ff36c8000000,0x0000ff36c8196a20,0x0000ff3748000000)
 Metaspace       used 7398K, committed 7488K, reserved 8192K
}
Event: 49.149 GC heap after
{Heap after GC invocations=8 (full 3):
 PSYoungGen      total 917504K, used 0K [0x0000ff3748000000, 0x0000ff3788000000, 0x0000ff3788000000)
  eden space 786432K, 0% used [0x0000ff3748000000,0x0000ff3748000000,0x0000ff3778000000)
  from space 131072K, 0% used [0x0000ff3780000000,0x0000ff3780000000,0x0000ff3788000000)
  to   space 131072K, 0% used [0x0000ff3778000000,0x0000ff3778000000,0x0000ff3780000000)
 ParOldGen       total 2097152K, used 1450K [0x0000ff36c8000000, 0x0000ff3748000000, 0x0000ff3748000000)
  object space 2097152K, 0% used [0x0000ff36c8000000,0x0000ff36c816a9a0,0x0000ff3748000000)
 Metaspace       used 7398K, committed 7488K, reserved 8192K
}
Event: 49.237 GC heap before
{Heap before GC invocations=9 (full 3):
 PSYoungGen      total 917504K, used 15230K [0x0000ff3748000000, 0x0000ff3788000000, 0x0000ff3788000000)
  eden space 786432K, 1% used [0x0000ff3748000000,0x0000ff3748edfa90,0x0000ff3778000000)
  from space 131072K, 0% used [0x0000ff3780000000,0x0000ff3780000000,0x0000ff3788000000)
  to   space 131072K, 0% used [0x0000ff3778000000,0x0000ff3778000000,0x0000ff3780000000)
 ParOldGen       total 2097152K, used 1450K [0x0000ff36c8000000, 0x0000ff3748000000, 0x0000ff3748000000)
  object space 2097152K, 0% used [0x0000ff36c8000000,0x0000ff36c816a9a0,0x0000ff3748000000)
 Metaspace       used 7398K, committed 7488K, reserved 8192K
}
Event: 49.238 GC heap after
{Heap after GC invocations=9 (full 3):
 PSYoungGen      total 917504K, used 32K [0x0000ff3748000000, 0x0000ff3788000000, 0x0000ff3788000000)
  eden space 786432K, 0% used [0x0000ff3748000000,0x0000ff3748000000,0x0000ff3778000000)
  from space 131072K, 0% used [0x0000ff3778000000,0x0000ff3778008000,0x0000ff3780000000)
  to   space 131072K, 0% used [0x0000ff3780000000,0x0000ff3780000000,0x0000ff3788000000)
 ParOldGen       total 2097152K, used 1450K [0x0000ff36c8000000, 0x0000ff3748000000, 0x0000ff3748000000)
  object space 2097152K, 0% used [0x0000ff36c8000000,0x0000ff36c816a9a0,0x0000ff3748000000)
 Metaspace       used 7398K, committed 7488K, reserved 8192K
}
Event: 49.238 GC heap before
{Heap before GC invocations=10 (full 4):
 PSYoungGen      total 917504K, used 32K [0x0000ff3748000000, 0x0000ff3788000000, 0x0000ff3788000000)
  eden space 786432K, 0% used [0x0000ff3748000000,0x0000ff3748000000,0x0000ff3778000000)
  from space 131072K, 0% used [0x0000ff3778000000,0x0000ff3778008000,0x0000ff3780000000)
  to   space 131072K, 0% used [0x0000ff3780000000,0x0000ff3780000000,0x0000ff3788000000)
 ParOldGen       total 2097152K, used 1450K [0x0000ff36c8000000, 0x0000ff3748000000, 0x0000ff3748000000)
  object space 2097152K, 0% used [0x0000ff36c8000000,0x0000ff36c816a9a0,0x0000ff3748000000)
 Metaspace       used 7398K, committed 7488K, reserved 8192K
}
Event: 50.357 GC heap after
{Heap after GC invocations=10 (full 4):
 PSYoungGen      total 917504K, used 0K [0x0000ff3748000000, 0x0000ff3788000000, 0x0000ff3788000000)
  eden space 786432K, 0% used [0x0000ff3748000000,0x0000ff3748000000,0x0000ff3778000000)
  from space 131072K, 0% used [0x0000ff3778000000,0x0000ff3778000000,0x0000ff3780000000)
  to   space 131072K, 0% used [0x0000ff3780000000,0x0000ff3780000000,0x0000ff3788000000)
 ParOldGen       total 2097152K, used 1450K [0x0000ff36c8000000, 0x0000ff3748000000, 0x0000ff3748000000)
  object space 2097152K, 0% used [0x0000ff36c8000000,0x0000ff36c816ab58,0x0000ff3748000000)
 Metaspace       used 7398K, committed 7488K, reserved 8192K
}
Event: 50.444 GC heap before
{Heap before GC invocations=11 (full 4):
 PSYoungGen      total 917504K, used 15230K [0x0000ff3748000000, 0x0000ff3788000000, 0x0000ff3788000000)
  eden space 786432K, 1% used [0x0000ff3748000000,0x0000ff3748edfa90,0x0000ff3778000000)
  from space 131072K, 0% used [0x0000ff3778000000,0x0000ff3778000000,0x0000ff3780000000)
  to   space 131072K, 0% used [0x0000ff3780000000,0x0000ff3780000000,0x0000ff3788000000)
 ParOldGen       total 2097152K, used 1450K [0x0000ff36c8000000, 0x0000ff3748000000, 0x0000ff3748000000)
  object space 2097152K, 0% used [0x0000ff36c8000000,0x0000ff36c816ab58,0x0000ff3748000000)
 Metaspace       used 7398K, committed 7488K, reserved 8192K
}
Event: 50.445 GC heap after
{Heap after GC invocations=11 (full 4):
 PSYoungGen      total 917504K, used 0K [0x0000ff3748000000, 0x0000ff3788000000, 0x0000ff3788000000)
  eden space 786432K, 0% used [0x0000ff3748000000,0x0000ff3748000000,0x0000ff3778000000)
  from space 131072K, 0% used [0x0000ff3780000000,0x0000ff3780000000,0x0000ff3788000000)
  to   space 131072K, 0% used [0x0000ff3778000000,0x0000ff3778000000,0x0000ff3780000000)
 ParOldGen       total 2097152K, used 1450K [0x0000ff36c8000000, 0x0000ff3748000000, 0x0000ff3748000000)
  object space 2097152K, 0% used [0x0000ff36c8000000,0x0000ff36c816ab58,0x0000ff3748000000)
 Metaspace       used 7398K, committed 7488K, reserved 8192K
}
Event: 50.445 GC heap before
{Heap before GC invocations=12 (full 5):
 PSYoungGen      total 917504K, used 0K [0x0000ff3748000000, 0x0000ff3788000000, 0x0000ff3788000000)
  eden space 786432K, 0% used [0x0000ff3748000000,0x0000ff3748000000,0x0000ff3778000000)
  from space 131072K, 0% used [0x0000ff3780000000,0x0000ff3780000000,0x0000ff3788000000)
  to   space 131072K, 0% used [0x0000ff3778000000,0x0000ff3778000000,0x0000ff3780000000)
 ParOldGen       total 2097152K, used 1450K [0x0000ff36c8000000, 0x0000ff3748000000, 0x0000ff3748000000)
  object space 2097152K, 0% used [0x0000ff36c8000000,0x0000ff36c816ab58,0x0000ff3748000000)
 Metaspace       used 7398K, committed 7488K, reserved 8192K
}
Event: 50.470 GC heap after
{Heap after GC invocations=12 (full 5):
 PSYoungGen      total 917504K, used 0K [0x0000ff3748000000, 0x0000ff3788000000, 0x0000ff3788000000)
  eden space 786432K, 0% used [0x0000ff3748000000,0x0000ff3748000000,0x0000ff3778000000)
  from space 131072K, 0% used [0x0000ff3780000000,0x0000ff3780000000,0x0000ff3788000000)
  to   space 131072K, 0% used [0x0000ff3778000000,0x0000ff3778000000,0x0000ff3780000000)
 ParOldGen       total 2097152K, used 1450K [0x0000ff36c8000000, 0x0000ff3748000000, 0x0000ff3748000000)
  object space 2097152K, 0% used [0x0000ff36c8000000,0x0000ff36c816ab58,0x0000ff3748000000)
 Metaspace       used 7398K, committed 7488K, reserved 8192K
}

