# JRE version: OpenJDK Runtime Environment (17.0.6) (build 17.0.6-internal+0-adhoc.perpap.jdk17u067)
# Java VM: OpenJDK 64-Bit Server VM (17.0.6-internal+0-adhoc.perpap.jdk17u067, mixed mode, tiered, parallel gc, linux-aarch64)
GC Precious Log:
 CPUs: 160 total, 160 available
 Memory: 254G
 Large Page Support: Disabled
 NUMA Support: Disabled
 Compressed Oops: Disabled
 Alignments: Space 512K, Generation 512K, Heap 32M
 Heap Min Capacity: 1G
 Heap Initial Capacity: 1G
 Heap Max Capacity: 1G
 Pre-touch: Disabled
 Parallel Workers: 2
Heap:
 PSYoungGen      total 305664K, used 5121K [0x0000ff3762b00000, 0x0000ff3778000000, 0x0000ff3778000000)
  eden space 262144K, 1% used [0x0000ff3762b00000,0x0000ff3763000768,0x0000ff3772b00000)
  from space 43520K, 0% used [0x0000ff3772b00000,0x0000ff3772b00000,0x0000ff3775580000)
  to   space 43520K, 0% used [0x0000ff3775580000,0x0000ff3775580000,0x0000ff3778000000)
 ParOldGen       total 699392K, used 1625K [0x0000ff3738000000, 0x0000ff3762b00000, 0x0000ff3762b00000)
  object space 699392K, 0% used [0x0000ff3738000000,0x0000ff3738196610,0x0000ff3762b00000)
 Metaspace       used 7040K, committed 7104K, reserved 8192K
GC Heap History (20 events):
Event: 2.669 GC heap before
{Heap before GC invocations=5 (full 1):
 PSYoungGen      total 305664K, used 5088K [0x0000ff3762b00000, 0x0000ff3778000000, 0x0000ff3778000000)
  eden space 262144K, 1% used [0x0000ff3762b00000,0x0000ff3762ff8180,0x0000ff3772b00000)
  from space 43520K, 0% used [0x0000ff3772b00000,0x0000ff3772b00000,0x0000ff3775580000)
  to   space 43520K, 0% used [0x0000ff3775580000,0x0000ff3775580000,0x0000ff3778000000)
 ParOldGen       total 699392K, used 1448K [0x0000ff3738000000, 0x0000ff3762b00000, 0x0000ff3762b00000)
  object space 699392K, 0% used [0x0000ff3738000000,0x0000ff373816a1c8,0x0000ff3762b00000)
 Metaspace       used 7030K, committed 7104K, reserved 8192K
}
Event: 2.907 GC heap after
{Heap after GC invocations=5 (full 1):
 PSYoungGen      total 305664K, used 96K [0x0000ff3762b00000, 0x0000ff3778000000, 0x0000ff3778000000)
  eden space 262144K, 0% used [0x0000ff3762b00000,0x0000ff3762b00000,0x0000ff3772b00000)
  from space 43520K, 0% used [0x0000ff3775580000,0x0000ff3775598000,0x0000ff3778000000)
  to   space 43520K, 0% used [0x0000ff3772b00000,0x0000ff3772b00000,0x0000ff3775580000)
 ParOldGen       total 699392K, used 1448K [0x0000ff3738000000, 0x0000ff3762b00000, 0x0000ff3762b00000)
  object space 699392K, 0% used [0x0000ff3738000000,0x0000ff373816a1c8,0x0000ff3762b00000)
 Metaspace       used 7030K, committed 7104K, reserved 8192K
}
Event: 2.907 GC heap before
{Heap before GC invocations=6 (full 2):
 PSYoungGen      total 305664K, used 96K [0x0000ff3762b00000, 0x0000ff3778000000, 0x0000ff3778000000)
  eden space 262144K, 0% used [0x0000ff3762b00000,0x0000ff3762b00000,0x0000ff3772b00000)
  from space 43520K, 0% used [0x0000ff3775580000,0x0000ff3775598000,0x0000ff3778000000)
  to   space 43520K, 0% used [0x0000ff3772b00000,0x0000ff3772b00000,0x0000ff3775580000)
 ParOldGen       total 699392K, used 1448K [0x0000ff3738000000, 0x0000ff3762b00000, 0x0000ff3762b00000)
  object space 699392K, 0% used [0x0000ff3738000000,0x0000ff373816a1c8,0x0000ff3762b00000)
 Metaspace       used 7030K, committed 7104K, reserved 8192K
}
Event: 3.185 GC heap after
{Heap after GC invocations=6 (full 2):
 PSYoungGen      total 305664K, used 0K [0x0000ff3762b00000, 0x0000ff3778000000, 0x0000ff3778000000)
  eden space 262144K, 0% used [0x0000ff3762b00000,0x0000ff3762b00000,0x0000ff3772b00000)
  from space 43520K, 0% used [0x0000ff3775580000,0x0000ff3775580000,0x0000ff3778000000)
  to   space 43520K, 0% used [0x0000ff3772b00000,0x0000ff3772b00000,0x0000ff3775580000)
 ParOldGen       total 699392K, used 1380K [0x0000ff3738000000, 0x0000ff3762b00000, 0x0000ff3762b00000)
  object space 699392K, 0% used [0x0000ff3738000000,0x0000ff3738159070,0x0000ff3762b00000)
 Metaspace       used 7030K, committed 7104K, reserved 8192K
}
Event: 3.268 GC heap before
{Heap before GC invocations=7 (full 2):
 PSYoungGen      total 305664K, used 5088K [0x0000ff3762b00000, 0x0000ff3778000000, 0x0000ff3778000000)
  eden space 262144K, 1% used [0x0000ff3762b00000,0x0000ff3762ff8180,0x0000ff3772b00000)
  from space 43520K, 0% used [0x0000ff3775580000,0x0000ff3775580000,0x0000ff3778000000)
  to   space 43520K, 0% used [0x0000ff3772b00000,0x0000ff3772b00000,0x0000ff3775580000)
 ParOldGen       total 699392K, used 1380K [0x0000ff3738000000, 0x0000ff3762b00000, 0x0000ff3762b00000)
  object space 699392K, 0% used [0x0000ff3738000000,0x0000ff3738159070,0x0000ff3762b00000)
 Metaspace       used 7030K, committed 7104K, reserved 8192K
}
Event: 3.268 GC heap after
{Heap after GC invocations=7 (full 2):
 PSYoungGen      total 305664K, used 0K [0x0000ff3762b00000, 0x0000ff3778000000, 0x0000ff3778000000)
  eden space 262144K, 0% used [0x0000ff3762b00000,0x0000ff3762b00000,0x0000ff3772b00000)
  from space 43520K, 0% used [0x0000ff3772b00000,0x0000ff3772b00000,0x0000ff3775580000)
  to   space 43520K, 0% used [0x0000ff3775580000,0x0000ff3775580000,0x0000ff3778000000)
 ParOldGen       total 699392K, used 1380K [0x0000ff3738000000, 0x0000ff3762b00000, 0x0000ff3762b00000)
  object space 699392K, 0% used [0x0000ff3738000000,0x0000ff3738159070,0x0000ff3762b00000)
 Metaspace       used 7030K, committed 7104K, reserved 8192K
}
Event: 3.268 GC heap before
{Heap before GC invocations=8 (full 3):
 PSYoungGen      total 305664K, used 0K [0x0000ff3762b00000, 0x0000ff3778000000, 0x0000ff3778000000)
  eden space 262144K, 0% used [0x0000ff3762b00000,0x0000ff3762b00000,0x0000ff3772b00000)
  from space 43520K, 0% used [0x0000ff3772b00000,0x0000ff3772b00000,0x0000ff3775580000)
  to   space 43520K, 0% used [0x0000ff3775580000,0x0000ff3775580000,0x0000ff3778000000)
 ParOldGen       total 699392K, used 1380K [0x0000ff3738000000, 0x0000ff3762b00000, 0x0000ff3762b00000)
  object space 699392K, 0% used [0x0000ff3738000000,0x0000ff3738159070,0x0000ff3762b00000)
 Metaspace       used 7030K, committed 7104K, reserved 8192K
}
Event: 3.551 GC heap after
{Heap after GC invocations=8 (full 3):
 PSYoungGen      total 305664K, used 0K [0x0000ff3762b00000, 0x0000ff3778000000, 0x0000ff3778000000)
  eden space 262144K, 0% used [0x0000ff3762b00000,0x0000ff3762b00000,0x0000ff3772b00000)
  from space 43520K, 0% used [0x0000ff3772b00000,0x0000ff3772b00000,0x0000ff3775580000)
  to   space 43520K, 0% used [0x0000ff3775580000,0x0000ff3775580000,0x0000ff3778000000)
 ParOldGen       total 699392K, used 1369K [0x0000ff3738000000, 0x0000ff3762b00000, 0x0000ff3762b00000)
  object space 699392K, 0% used [0x0000ff3738000000,0x0000ff3738156668,0x0000ff3762b00000)
 Metaspace       used 7030K, committed 7104K, reserved 8192K
}
Event: 3.638 GC heap before
{Heap before GC invocations=9 (full 3):
 PSYoungGen      total 305664K, used 5088K [0x0000ff3762b00000, 0x0000ff3778000000, 0x0000ff3778000000)
  eden space 262144K, 1% used [0x0000ff3762b00000,0x0000ff3762ff8180,0x0000ff3772b00000)
  from space 43520K, 0% used [0x0000ff3772b00000,0x0000ff3772b00000,0x0000ff3775580000)
  to   space 43520K, 0% used [0x0000ff3775580000,0x0000ff3775580000,0x0000ff3778000000)
 ParOldGen       total 699392K, used 1369K [0x0000ff3738000000, 0x0000ff3762b00000, 0x0000ff3762b00000)
  object space 699392K, 0% used [0x0000ff3738000000,0x0000ff3738156668,0x0000ff3762b00000)
 Metaspace       used 7038K, committed 7104K, reserved 8192K
}
Event: 3.638 GC heap after
{Heap after GC invocations=9 (full 3):
 PSYoungGen      total 305664K, used 0K [0x0000ff3762b00000, 0x0000ff3778000000, 0x0000ff3778000000)
  eden space 262144K, 0% used [0x0000ff3762b00000,0x0000ff3762b00000,0x0000ff3772b00000)
  from space 43520K, 0% used [0x0000ff3775580000,0x0000ff3775580000,0x0000ff3778000000)
  to   space 43520K, 0% used [0x0000ff3772b00000,0x0000ff3772b00000,0x0000ff3775580000)
 ParOldGen       total 699392K, used 1369K [0x0000ff3738000000, 0x0000ff3762b00000, 0x0000ff3762b00000)
  object space 699392K, 0% used [0x0000ff3738000000,0x0000ff3738156668,0x0000ff3762b00000)
 Metaspace       used 7038K, committed 7104K, reserved 8192K
}
Event: 3.638 GC heap before
{Heap before GC invocations=10 (full 4):
 PSYoungGen      total 305664K, used 0K [0x0000ff3762b00000, 0x0000ff3778000000, 0x0000ff3778000000)
  eden space 262144K, 0% used [0x0000ff3762b00000,0x0000ff3762b00000,0x0000ff3772b00000)
  from space 43520K, 0% used [0x0000ff3775580000,0x0000ff3775580000,0x0000ff3778000000)
  to   space 43520K, 0% used [0x0000ff3772b00000,0x0000ff3772b00000,0x0000ff3775580000)
 ParOldGen       total 699392K, used 1369K [0x0000ff3738000000, 0x0000ff3762b00000, 0x0000ff3762b00000)
  object space 699392K, 0% used [0x0000ff3738000000,0x0000ff3738156668,0x0000ff3762b00000)
 Metaspace       used 7038K, committed 7104K, reserved 8192K
}
Event: 3.641 GC heap after
{Heap after GC invocations=10 (full 4):
 PSYoungGen      total 305664K, used 0K [0x0000ff3762b00000, 0x0000ff3778000000, 0x0000ff3778000000)
  eden space 262144K, 0% used [0x0000ff3762b00000,0x0000ff3762b00000,0x0000ff3772b00000)
  from space 43520K, 0% used [0x0000ff3775580000,0x0000ff3775580000,0x0000ff3778000000)
  to   space 43520K, 0% used [0x0000ff3772b00000,0x0000ff3772b00000,0x0000ff3775580000)
 ParOldGen       total 699392K, used 1369K [0x0000ff3738000000, 0x0000ff3762b00000, 0x0000ff3762b00000)
  object space 699392K, 0% used [0x0000ff3738000000,0x0000ff37381565e8,0x0000ff3762b00000)
 Metaspace       used 7038K, committed 7104K, reserved 8192K
}
Event: 3.689 GC heap before
{Heap before GC invocations=11 (full 4):
 PSYoungGen      total 305664K, used 226967K [0x0000ff3762b00000, 0x0000ff3778000000, 0x0000ff3778000000)
  eden space 262144K, 86% used [0x0000ff3762b00000,0x0000ff37708a5c70,0x0000ff3772b00000)
  from space 43520K, 0% used [0x0000ff3775580000,0x0000ff3775580000,0x0000ff3778000000)
  to   space 43520K, 0% used [0x0000ff3772b00000,0x0000ff3772b00000,0x0000ff3775580000)
 ParOldGen       total 699392K, used 1369K [0x0000ff3738000000, 0x0000ff3762b00000, 0x0000ff3762b00000)
  object space 699392K, 0% used [0x0000ff3738000000,0x0000ff37381565e8,0x0000ff3762b00000)
 Metaspace       used 7038K, committed 7104K, reserved 8192K
}
Event: 3.865 GC heap after
{Heap after GC invocations=11 (full 4):
 PSYoungGen      total 305664K, used 43504K [0x0000ff3762b00000, 0x0000ff3778000000, 0x0000ff3778000000)
  eden space 262144K, 0% used [0x0000ff3762b00000,0x0000ff3762b00000,0x0000ff3772b00000)
  from space 43520K, 99% used [0x0000ff3772b00000,0x0000ff377557c3f8,0x0000ff3775580000)
  to   space 43520K, 0% used [0x0000ff3775580000,0x0000ff3775580000,0x0000ff3778000000)
 ParOldGen       total 699392K, used 118593K [0x0000ff3738000000, 0x0000ff3762b00000, 0x0000ff3762b00000)
  object space 699392K, 16% used [0x0000ff3738000000,0x0000ff373f3d05e8,0x0000ff3762b00000)
 Metaspace       used 7038K, committed 7104K, reserved 8192K
}
Event: 3.917 GC heap before
{Heap before GC invocations=12 (full 4):
 PSYoungGen      total 305664K, used 305648K [0x0000ff3762b00000, 0x0000ff3778000000, 0x0000ff3778000000)
  eden space 262144K, 100% used [0x0000ff3762b00000,0x0000ff3772b00000,0x0000ff3772b00000)
  from space 43520K, 99% used [0x0000ff3772b00000,0x0000ff377557c3f8,0x0000ff3775580000)
  to   space 43520K, 0% used [0x0000ff3775580000,0x0000ff3775580000,0x0000ff3778000000)
 ParOldGen       total 699392K, used 118593K [0x0000ff3738000000, 0x0000ff3762b00000, 0x0000ff3762b00000)
  object space 699392K, 16% used [0x0000ff3738000000,0x0000ff373f3d05e8,0x0000ff3762b00000)
 Metaspace       used 7038K, committed 7104K, reserved 8192K
}
Event: 4.167 GC heap after
{Heap after GC invocations=12 (full 4):
 PSYoungGen      total 305664K, used 43520K [0x0000ff3762b00000, 0x0000ff3778000000, 0x0000ff3778000000)
  eden space 262144K, 0% used [0x0000ff3762b00000,0x0000ff3762b00000,0x0000ff3772b00000)
  from space 43520K, 100% used [0x0000ff3775580000,0x0000ff3778000000,0x0000ff3778000000)
  to   space 43520K, 0% used [0x0000ff3772b00000,0x0000ff3772b00000,0x0000ff3775580000)
 ParOldGen       total 699392K, used 301063K [0x0000ff3738000000, 0x0000ff3762b00000, 0x0000ff3762b00000)
  object space 699392K, 43% used [0x0000ff3738000000,0x0000ff374a601ea8,0x0000ff3762b00000)
 Metaspace       used 7038K, committed 7104K, reserved 8192K
}
Event: 4.189 GC heap before
{Heap before GC invocations=13 (full 4):
 PSYoungGen      total 305664K, used 198042K [0x0000ff3762b00000, 0x0000ff3778000000, 0x0000ff3778000000)
  eden space 262144K, 58% used [0x0000ff3762b00000,0x0000ff376c1e6998,0x0000ff3772b00000)
  from space 43520K, 100% used [0x0000ff3775580000,0x0000ff3778000000,0x0000ff3778000000)
  to   space 43520K, 0% used [0x0000ff3772b00000,0x0000ff3772b00000,0x0000ff3775580000)
 ParOldGen       total 699392K, used 301063K [0x0000ff3738000000, 0x0000ff3762b00000, 0x0000ff3762b00000)
  object space 699392K, 43% used [0x0000ff3738000000,0x0000ff374a601ea8,0x0000ff3762b00000)
 Metaspace       used 7038K, committed 7104K, reserved 8192K
}
Event: 4.295 GC heap after
{Heap after GC invocations=13 (full 4):
 PSYoungGen      total 305664K, used 43520K [0x0000ff3762b00000, 0x0000ff3778000000, 0x0000ff3778000000)
  eden space 262144K, 0% used [0x0000ff3762b00000,0x0000ff3762b00000,0x0000ff3772b00000)
  from space 43520K, 100% used [0x0000ff3772b00000,0x0000ff3775580000,0x0000ff3775580000)
  to   space 43520K, 0% used [0x0000ff3775580000,0x0000ff3775580000,0x0000ff3778000000)
 ParOldGen       total 699392K, used 451756K [0x0000ff3738000000, 0x0000ff3762b00000, 0x0000ff3762b00000)
  object space 699392K, 64% used [0x0000ff3738000000,0x0000ff375392b3b8,0x0000ff3762b00000)
 Metaspace       used 7038K, committed 7104K, reserved 8192K
}
Event: 4.295 GC heap before
{Heap before GC invocations=14 (full 5):
 PSYoungGen      total 305664K, used 43520K [0x0000ff3762b00000, 0x0000ff3778000000, 0x0000ff3778000000)
  eden space 262144K, 0% used [0x0000ff3762b00000,0x0000ff3762b00000,0x0000ff3772b00000)
  from space 43520K, 100% used [0x0000ff3772b00000,0x0000ff3775580000,0x0000ff3775580000)
  to   space 43520K, 0% used [0x0000ff3775580000,0x0000ff3775580000,0x0000ff3778000000)
 ParOldGen       total 699392K, used 451756K [0x0000ff3738000000, 0x0000ff3762b00000, 0x0000ff3762b00000)
  object space 699392K, 64% used [0x0000ff3738000000,0x0000ff375392b3b8,0x0000ff3762b00000)
 Metaspace       used 7038K, committed 7104K, reserved 8192K
}
Event: 5.984 GC heap after
{Heap after GC invocations=14 (full 5):
 PSYoungGen      total 305664K, used 0K [0x0000ff3762b00000, 0x0000ff3778000000, 0x0000ff3778000000)
  eden space 262144K, 0% used [0x0000ff3762b00000,0x0000ff3762b00000,0x0000ff3772b00000)
  from space 43520K, 0% used [0x0000ff3772b00000,0x0000ff3772b00000,0x0000ff3775580000)
  to   space 43520K, 0% used [0x0000ff3775580000,0x0000ff3775580000,0x0000ff3778000000)
 ParOldGen       total 699392K, used 1625K [0x0000ff3738000000, 0x0000ff3762b00000, 0x0000ff3762b00000)
  object space 699392K, 0% used [0x0000ff3738000000,0x0000ff3738196610,0x0000ff3762b00000)
 Metaspace       used 7038K, committed 7104K, reserved 8192K
}

